autoscan: warning: missing AC_CHECK_FUNCS([dup2]) wanted by: 
	src/daemon.c:66
	src/daemon.c:67
	src/daemon.c:68
	src/honeybrid.c:1136
	src/honeybrid.c:1137
	src/honeybrid.c:1138
autoscan: warning: missing AC_CHECK_FUNCS([gettimeofday]) wanted by: 
	src/tables.c:567
	src/log.c:78
	src/log.c:110
	src/log.c:202
autoscan: warning: missing AC_CHECK_FUNCS([inet_ntoa]) wanted by: 
	src/netcode.c:100
	src/netcode.c:100
	src/netcode.c:101
	src/tables.c:301
	src/tables.c:305
	src/tables.c:314
	src/tables.c:316
	src/tables.c:466
	src/tables.c:501
	src/honeybrid.c:549
	src/honeybrid.c:587
	src/honeybrid.c:599
	src/honeybrid.c:642
	src/honeybrid.c:677
	src/honeybrid.c:686
autoscan: warning: missing AC_CHECK_FUNCS([memset]) wanted by: 
	src/netcode.c:486
	src/honeybrid.c:812
	src/honeybrid.c:931
	src/honeybrid.c:967
	src/honeybrid.c:989
autoscan: warning: missing AC_CHECK_FUNCS([socket]) wanted by: 
	src/netcode.c:462
	src/netcode.c:463
autoscan: warning: missing AC_CHECK_FUNCS([strdup]) wanted by: 
	src/rules.l:46
	src/rules.l:50
	src/rules.l:51
autoscan: warning: missing AC_CHECK_FUNCS([strerror]) wanted by: 
	src/honeybrid.c:368
	src/honeybrid.c:815
	src/honeybrid.c:1143
	src/err.c:57
	src/err.c:72
autoscan: warning: missing AC_CHECK_FUNCS([strstr]) wanted by: 
	src/log.c:298
	src/log.c:387
autoscan: warning: missing AC_CHECK_HEADERS([arpa/inet.h]) wanted by: 
	src/netcode.c:35
	src/tables.c:36
	src/honeybrid.c:96
	src/rules.y:11
autoscan: warning: missing AC_CHECK_HEADERS([fcntl.h]) wanted by: 
	src/daemon.c:41
	src/modules.c:40
	src/honeybrid.c:89
	src/rules.y:17
	src/log.c:31
autoscan: warning: missing AC_CHECK_HEADERS([malloc.h]) wanted by: 
	src/honeybrid.c:92
	src/decision_engine.c:32
autoscan: warning: missing AC_CHECK_HEADERS([netinet/in.h]) wanted by: 
	src/netcode.c:31
	src/honeybrid.c:93
autoscan: warning: missing AC_CHECK_HEADERS([stdlib.h]) wanted by: 
	src/netcode.c:37
	src/modules.c:34
	src/tables.c:44
	src/honeybrid.c:88
	src/rules.y:5
	src/log.c:32
	src/mod_counter.c:31
	src/err.c:41
autoscan: warning: missing AC_CHECK_HEADERS([string.h]) wanted by: 
	src/netcode.c:29
	src/mod_hash.c:31
	src/modules.c:32
	src/tables.c:45
	src/honeybrid.c:83
	src/mod_source.c:29
	src/mod_random.c:30
	src/rules.y:3
	src/log.c:28
	src/err.c:43
	src/decision_engine.c:33
	src/mod_yesno.c:29
	src/mod_control.c:27
autoscan: warning: missing AC_CHECK_HEADERS([sys/param.h]) wanted by: 
	src/honeybrid.c:80
autoscan: warning: missing AC_CHECK_HEADERS([sys/socket.h]) wanted by: 
	src/netcode.c:30
autoscan: warning: missing AC_CHECK_HEADERS([sys/time.h]) wanted by: 
	src/mod_hash.c:35
	src/pcap_tool.c:27
	src/tables.c:40
	src/mod_source.c:33
	src/mod_random.c:34
	src/log.c:36
	src/mod_control.c:31
autoscan: warning: missing AC_CHECK_HEADERS([syslog.h]) wanted by: 
	src/honeybrid.c:86
	src/log.c:29
autoscan: warning: missing AC_CHECK_HEADERS([unistd.h]) wanted by: 
	src/daemon.c:42
	src/mod_hash.c:32
	src/modules.c:38
	src/tables.c:42
	src/honeybrid.c:90
	src/honeybrid.c:98
	src/mod_source.c:30
	src/mod_random.c:31
	src/rules.y:12
	src/log.c:33
	src/mod_control.c:28
autoscan: warning: missing AC_C_CONST wanted by: 
	src/mod_hash.c:60
	src/mod_hash.c:287
	src/mod_hash.c:287
	src/pcap_tool.c:216
	src/pcap_tool.c:229
	src/modules.h:93
	src/tables.c:65
	src/tables.c:70
	src/tables.c:116
	src/tables.c:123
	src/mod_source.c:135
	src/mod_source.c:135
	src/decision_engine.h:63
	src/rules.y:25
	src/rules.y:318
	src/log.c:60
	src/log.h:102
	src/err.c:47
	src/err.c:62
	src/err.c:76
	src/err.c:89
	src/decision_engine.c:47
	src/decision_engine.c:128
	src/mod_control.c:162
	src/mod_control.c:162
autoscan: warning: missing AC_FUNC_FORK wanted by: 
	src/daemon.c:50
autoscan: warning: missing AC_FUNC_MALLOC wanted by: 
	src/netcode.c:151
	src/netcode.c:217
	src/mod_hash.c:132
	src/mod_hash.c:204
	src/mod_hash.c:239
	src/tables.c:244
	src/tables.c:245
	src/tables.c:246
	src/tables.c:247
	src/tables.c:258
	src/tables.c:259
	src/tables.c:377
	src/tables.c:379
	src/tables.c:465
	src/tables.c:500
	src/tables.c:517
	src/tables.c:561
	src/honeybrid.c:533
	src/mod_source.c:98
	src/mod_source.c:101
	src/mod_source.c:102
	src/mod_source.c:103
	src/rules.y:108
	src/rules.y:109
	src/rules.y:197
	src/rules.y:231
	src/rules.y:243
	src/rules.y:286
	src/rules.y:335
	src/log.c:109
	src/log.c:120
	src/log.c:218
	src/log.c:235
	src/log.c:236
	src/log.c:239
	src/log.c:249
	src/log.c:273
	src/log.c:384
	src/decision_engine.c:50
	src/mod_control.c:121
	src/mod_control.c:124
	src/mod_control.c:125
	src/mod_control.c:126
autoscan: warning: missing AC_FUNC_REALLOC wanted by: 
	src/rules.y:327
autoscan: warning: missing AC_FUNC_VPRINTF wanted by: 
	src/err.c:53
	src/err.c:68
	src/err.c:82
	src/err.c:95
autoscan: warning: missing AC_HEADER_STDBOOL wanted by: 
	src/modules.h:57
	src/decision_engine.c:72
	src/decision_engine.c:82
	src/decision_engine.c:167
	src/decision_engine.c:177
	src/decision_engine.c:263
	src/decision_engine.c:264
	src/modules.h:56
	src/decision_engine.c:71
	src/decision_engine.c:81
	src/decision_engine.c:169
	src/decision_engine.c:172
	src/decision_engine.c:173
	src/decision_engine.c:242
	src/decision_engine.c:243
autoscan: warning: missing AC_HEADER_STDC wanted by: 
	src/err.c:42
	src/netcode.c:37
	src/modules.c:34
	src/tables.c:44
	src/honeybrid.c:88
	src/rules.y:5
	src/log.c:32
	src/mod_counter.c:31
	src/err.c:41
	src/netcode.c:29
	src/mod_hash.c:31
	src/modules.c:32
	src/tables.c:45
	src/honeybrid.c:83
	src/mod_source.c:29
	src/mod_random.c:30
	src/rules.y:3
	src/log.c:28
	src/err.c:43
	src/decision_engine.c:33
	src/mod_yesno.c:29
	src/mod_control.c:27
	src/netcode.c:154
	src/netcode.c:283
	src/netcode.c:498
	src/netcode.c:499
	src/mod_hash.c:148
	src/tables.c:260
	src/tables.c:261
	src/tables.c:276
	src/netcode.c:486
	src/honeybrid.c:812
	src/honeybrid.c:931
	src/honeybrid.c:967
	src/honeybrid.c:989
autoscan: warning: missing AC_HEADER_TIME wanted by: 
	src/tables.c:565
	src/log.c:76
	src/log.c:107
	src/log.c:200
autoscan: warning: missing AC_PROG_CC wanted by: 
	config.h.in
	src/daemon.c
	src/netcode.c
	src/mod_hash.c
	src/pcap_tool.c
	src/modules.c
	src/rules.l
	src/modules.h
	src/tables.c
	src/honeybrid.c
	src/mod_source.c
	src/honeybrid.h
	src/decision_engine.h
	src/mod_random.c
	src/rules.y
	src/pcap_tool.h
	src/log.c
	src/log.h
	src/mod_counter.c
	src/err.c
	src/types.h
	src/tables.h
	src/decision_engine.c
	src/mod_yesno.c
	src/netcode.h
	src/mod_control.c
autoscan: warning: missing AC_STRUCT_TM wanted by: 
	src/pcap_tool.c:51
	src/tables.c:564
	src/tables.c:564
	src/tables.c:568
	src/tables.c:570
	src/tables.c:570
	src/tables.c:570
	src/tables.c:570
	src/tables.c:570
	src/tables.c:570
	src/log.c:75
	src/log.c:75
	src/log.c:79
	src/log.c:80
	src/log.c:84
	src/log.c:84
	src/log.c:84
	src/log.c:84
	src/log.c:84
	src/log.c:84
	src/log.c:106
	src/log.c:106
	src/log.c:111
	src/log.c:112
	src/log.c:121
	src/log.c:121
	src/log.c:121
	src/log.c:121
	src/log.c:121
	src/log.c:121
	src/log.c:199
	src/log.c:199
	src/log.c:203
	src/log.c:204
	src/log.c:209
	src/log.c:210
	src/log.c:211
	src/log.c:212
	src/log.c:240
	src/log.c:240
	src/log.c:240
	src/log.c:240
	src/log.c:240
	src/log.c:247
	src/log.c:247
	src/log.c:247
	src/log.c:247
	src/log.c:247
autoscan: warning: missing AC_TYPE_SIZE_T wanted by: 
	src/honeybrid.c:141
	src/honeybrid.c:143
