   0  $accept : configuration $end

   1  configuration :
   2                | configuration config
   3                | configuration module
   4                | configuration target

   5  config : CONFIGURATION OPEN parameters END

   6  parameters :
   7             | parameters parameter SEMICOLON

   8  parameter : WORD EQ WORD
   9            | WORD EQ EXPR
  10            | WORD EQ NUMBER

  11  module : MODULE QUOTE WORD QUOTE OPEN settings END

  12  settings :
  13           | settings WORD EQ WORD SEMICOLON
  14           | settings WORD EQ EXPR SEMICOLON
  15           | settings WORD EQ NUMBER SEMICOLON

  16  target : TARGET OPEN rule END

  17  rule :
  18       | rule FILTER QUOTE equation QUOTE SEMICOLON
  19       | rule FRONTEND honeynet SEMICOLON
  20       | rule FRONTEND honeynet QUOTE equation QUOTE SEMICOLON
  21       | rule BACKEND honeynet QUOTE equation QUOTE SEMICOLON
  22       | rule LIMIT QUOTE equation QUOTE SEMICOLON

  23  honeynet : EXPR

  24  equation :
  25           | equation WORD
  26           | equation NUMBER
  27           | equation EXPR
  28           | equation EQ

state 0
	$accept : . configuration $end  (0)
	configuration : .  (1)

	.  reduce 1

	configuration  goto 1


state 1
	$accept : configuration . $end  (0)
	configuration : configuration . config  (2)
	configuration : configuration . module  (3)
	configuration : configuration . target  (4)

	$end  accept
	MODULE  shift 2
	CONFIGURATION  shift 3
	TARGET  shift 4
	.  error

	config  goto 5
	module  goto 6
	target  goto 7


state 2
	module : MODULE . QUOTE WORD QUOTE OPEN settings END  (11)

	QUOTE  shift 8
	.  error


state 3
	config : CONFIGURATION . OPEN parameters END  (5)

	OPEN  shift 9
	.  error


state 4
	target : TARGET . OPEN rule END  (16)

	OPEN  shift 10
	.  error


state 5
	configuration : configuration config .  (2)

	.  reduce 2


state 6
	configuration : configuration module .  (3)

	.  reduce 3


state 7
	configuration : configuration target .  (4)

	.  reduce 4


state 8
	module : MODULE QUOTE . WORD QUOTE OPEN settings END  (11)

	WORD  shift 11
	.  error


state 9
	config : CONFIGURATION OPEN . parameters END  (5)
	parameters : .  (6)

	.  reduce 6

	parameters  goto 12


state 10
	target : TARGET OPEN . rule END  (16)
	rule : .  (17)

	.  reduce 17

	rule  goto 13


state 11
	module : MODULE QUOTE WORD . QUOTE OPEN settings END  (11)

	QUOTE  shift 14
	.  error


state 12
	config : CONFIGURATION OPEN parameters . END  (5)
	parameters : parameters . parameter SEMICOLON  (7)

	END  shift 15
	WORD  shift 16
	.  error

	parameter  goto 17


state 13
	target : TARGET OPEN rule . END  (16)
	rule : rule . FILTER QUOTE equation QUOTE SEMICOLON  (18)
	rule : rule . FRONTEND honeynet SEMICOLON  (19)
	rule : rule . FRONTEND honeynet QUOTE equation QUOTE SEMICOLON  (20)
	rule : rule . BACKEND honeynet QUOTE equation QUOTE SEMICOLON  (21)
	rule : rule . LIMIT QUOTE equation QUOTE SEMICOLON  (22)

	END  shift 18
	FILTER  shift 19
	FRONTEND  shift 20
	BACKEND  shift 21
	LIMIT  shift 22
	.  error


state 14
	module : MODULE QUOTE WORD QUOTE . OPEN settings END  (11)

	OPEN  shift 23
	.  error


state 15
	config : CONFIGURATION OPEN parameters END .  (5)

	.  reduce 5


state 16
	parameter : WORD . EQ WORD  (8)
	parameter : WORD . EQ EXPR  (9)
	parameter : WORD . EQ NUMBER  (10)

	EQ  shift 24
	.  error


state 17
	parameters : parameters parameter . SEMICOLON  (7)

	SEMICOLON  shift 25
	.  error


state 18
	target : TARGET OPEN rule END .  (16)

	.  reduce 16


state 19
	rule : rule FILTER . QUOTE equation QUOTE SEMICOLON  (18)

	QUOTE  shift 26
	.  error


state 20
	rule : rule FRONTEND . honeynet SEMICOLON  (19)
	rule : rule FRONTEND . honeynet QUOTE equation QUOTE SEMICOLON  (20)

	EXPR  shift 27
	.  error

	honeynet  goto 28


state 21
	rule : rule BACKEND . honeynet QUOTE equation QUOTE SEMICOLON  (21)

	EXPR  shift 27
	.  error

	honeynet  goto 29


state 22
	rule : rule LIMIT . QUOTE equation QUOTE SEMICOLON  (22)

	QUOTE  shift 30
	.  error


state 23
	module : MODULE QUOTE WORD QUOTE OPEN . settings END  (11)
	settings : .  (12)

	.  reduce 12

	settings  goto 31


state 24
	parameter : WORD EQ . WORD  (8)
	parameter : WORD EQ . EXPR  (9)
	parameter : WORD EQ . NUMBER  (10)

	NUMBER  shift 32
	WORD  shift 33
	EXPR  shift 34
	.  error


state 25
	parameters : parameters parameter SEMICOLON .  (7)

	.  reduce 7


state 26
	rule : rule FILTER QUOTE . equation QUOTE SEMICOLON  (18)
	equation : .  (24)

	.  reduce 24

	equation  goto 35


state 27
	honeynet : EXPR .  (23)

	.  reduce 23


state 28
	rule : rule FRONTEND honeynet . SEMICOLON  (19)
	rule : rule FRONTEND honeynet . QUOTE equation QUOTE SEMICOLON  (20)

	SEMICOLON  shift 36
	QUOTE  shift 37
	.  error


state 29
	rule : rule BACKEND honeynet . QUOTE equation QUOTE SEMICOLON  (21)

	QUOTE  shift 38
	.  error


state 30
	rule : rule LIMIT QUOTE . equation QUOTE SEMICOLON  (22)
	equation : .  (24)

	.  reduce 24

	equation  goto 39


state 31
	module : MODULE QUOTE WORD QUOTE OPEN settings . END  (11)
	settings : settings . WORD EQ WORD SEMICOLON  (13)
	settings : settings . WORD EQ EXPR SEMICOLON  (14)
	settings : settings . WORD EQ NUMBER SEMICOLON  (15)

	END  shift 40
	WORD  shift 41
	.  error


state 32
	parameter : WORD EQ NUMBER .  (10)

	.  reduce 10


state 33
	parameter : WORD EQ WORD .  (8)

	.  reduce 8


state 34
	parameter : WORD EQ EXPR .  (9)

	.  reduce 9


state 35
	rule : rule FILTER QUOTE equation . QUOTE SEMICOLON  (18)
	equation : equation . WORD  (25)
	equation : equation . NUMBER  (26)
	equation : equation . EXPR  (27)
	equation : equation . EQ  (28)

	QUOTE  shift 42
	NUMBER  shift 43
	WORD  shift 44
	EQ  shift 45
	EXPR  shift 46
	.  error


state 36
	rule : rule FRONTEND honeynet SEMICOLON .  (19)

	.  reduce 19


state 37
	rule : rule FRONTEND honeynet QUOTE . equation QUOTE SEMICOLON  (20)
	equation : .  (24)

	.  reduce 24

	equation  goto 47


state 38
	rule : rule BACKEND honeynet QUOTE . equation QUOTE SEMICOLON  (21)
	equation : .  (24)

	.  reduce 24

	equation  goto 48


state 39
	rule : rule LIMIT QUOTE equation . QUOTE SEMICOLON  (22)
	equation : equation . WORD  (25)
	equation : equation . NUMBER  (26)
	equation : equation . EXPR  (27)
	equation : equation . EQ  (28)

	QUOTE  shift 49
	NUMBER  shift 43
	WORD  shift 44
	EQ  shift 45
	EXPR  shift 46
	.  error


state 40
	module : MODULE QUOTE WORD QUOTE OPEN settings END .  (11)

	.  reduce 11


state 41
	settings : settings WORD . EQ WORD SEMICOLON  (13)
	settings : settings WORD . EQ EXPR SEMICOLON  (14)
	settings : settings WORD . EQ NUMBER SEMICOLON  (15)

	EQ  shift 50
	.  error


state 42
	rule : rule FILTER QUOTE equation QUOTE . SEMICOLON  (18)

	SEMICOLON  shift 51
	.  error


state 43
	equation : equation NUMBER .  (26)

	.  reduce 26


state 44
	equation : equation WORD .  (25)

	.  reduce 25


state 45
	equation : equation EQ .  (28)

	.  reduce 28


state 46
	equation : equation EXPR .  (27)

	.  reduce 27


state 47
	rule : rule FRONTEND honeynet QUOTE equation . QUOTE SEMICOLON  (20)
	equation : equation . WORD  (25)
	equation : equation . NUMBER  (26)
	equation : equation . EXPR  (27)
	equation : equation . EQ  (28)

	QUOTE  shift 52
	NUMBER  shift 43
	WORD  shift 44
	EQ  shift 45
	EXPR  shift 46
	.  error


state 48
	rule : rule BACKEND honeynet QUOTE equation . QUOTE SEMICOLON  (21)
	equation : equation . WORD  (25)
	equation : equation . NUMBER  (26)
	equation : equation . EXPR  (27)
	equation : equation . EQ  (28)

	QUOTE  shift 53
	NUMBER  shift 43
	WORD  shift 44
	EQ  shift 45
	EXPR  shift 46
	.  error


state 49
	rule : rule LIMIT QUOTE equation QUOTE . SEMICOLON  (22)

	SEMICOLON  shift 54
	.  error


state 50
	settings : settings WORD EQ . WORD SEMICOLON  (13)
	settings : settings WORD EQ . EXPR SEMICOLON  (14)
	settings : settings WORD EQ . NUMBER SEMICOLON  (15)

	NUMBER  shift 55
	WORD  shift 56
	EXPR  shift 57
	.  error


state 51
	rule : rule FILTER QUOTE equation QUOTE SEMICOLON .  (18)

	.  reduce 18


state 52
	rule : rule FRONTEND honeynet QUOTE equation QUOTE . SEMICOLON  (20)

	SEMICOLON  shift 58
	.  error


state 53
	rule : rule BACKEND honeynet QUOTE equation QUOTE . SEMICOLON  (21)

	SEMICOLON  shift 59
	.  error


state 54
	rule : rule LIMIT QUOTE equation QUOTE SEMICOLON .  (22)

	.  reduce 22


state 55
	settings : settings WORD EQ NUMBER . SEMICOLON  (15)

	SEMICOLON  shift 60
	.  error


state 56
	settings : settings WORD EQ WORD . SEMICOLON  (13)

	SEMICOLON  shift 61
	.  error


state 57
	settings : settings WORD EQ EXPR . SEMICOLON  (14)

	SEMICOLON  shift 62
	.  error


state 58
	rule : rule FRONTEND honeynet QUOTE equation QUOTE SEMICOLON .  (20)

	.  reduce 20


state 59
	rule : rule BACKEND honeynet QUOTE equation QUOTE SEMICOLON .  (21)

	.  reduce 21


state 60
	settings : settings WORD EQ NUMBER SEMICOLON .  (15)

	.  reduce 15


state 61
	settings : settings WORD EQ WORD SEMICOLON .  (13)

	.  reduce 13


state 62
	settings : settings WORD EQ EXPR SEMICOLON .  (14)

	.  reduce 14


18 terminals, 11 nonterminals
29 grammar rules, 63 states
